Case #1:
10000000000000000000000000000001 3 2 5 2 7 2 3 2 11 
10000000000000000000000000000011 83 7 3 11 23 3 569 173 3 
10000000000000000000000000000101 7 13 3 31 43 3 73 7 3 
10000000000000000000000000000111 3 2 5 2 7 2 3 2 11 
10000000000000000000000000001101 3 2 5 2 7 2 3 2 11 
10000000000000000000000000010011 3 2 5 2 7 2 3 2 11 
10000000000000000000000000011001 3 2 5 2 7 2 3 2 7 
10000000000000000000000000011101 31 5 11 11 5 419 5 11 41 
10000000000000000000000000011111 3 2 3 2 7 2 3 2 3 
10000000000000000000000000100001 7 13 3 31 41 3 73 7 3 
10000000000000000000000000100101 3 2 5 2 7 2 3 2 11 
10000000000000000000000000101111 5 2 3 2 11 2 5 2 3 
10000000000000000000000000110001 3 2 5 2 7 2 3 2 11 
10000000000000000000000000110111 3 2 3 2 7 2 3 2 3 
10000000000000000000000000111001 5 317 47 23 5 5 83 523 23 
10000000000000000000000000111101 3 2 3 2 7 2 3 2 3 
10000000000000000000000001000011 3 2 5 2 7 2 3 2 11 
10000000000000000000000001001001 3 2 5 2 7 2 3 2 11 
10000000000000000000000001001011 7 7 11 223 5 103 113 7 7 
10000000000000000000000001001111 3 2 3 2 7 2 3 2 3 
10000000000000000000000001010111 5 2 3 2 37 2 5 2 3 
10000000000000000000000001011011 3 2 3 2 7 2 3 2 3 
10000000000000000000000001011101 13 2 3 2 71 2 17 2 3 
10000000000000000000000001100001 3 2 5 2 7 2 3 2 11 
10000000000000000000000001100111 3 2 3 2 7 2 3 2 3 
10000000000000000000000001101011 5 2 3 2 23 2 5 2 3 
10000000000000000000000001101101 3 2 3 2 7 2 3 2 3 
10000000000000000000000001101111 19 7 67 41 733 13 7 71 7 
10000000000000000000000001110011 3 2 3 2 7 2 3 2 3 
10000000000000000000000001110101 5 2 3 2 37 2 5 2 3 
10000000000000000000000001111001 3 2 3 2 7 2 3 2 3 
10000000000000000000000001111111 3 2 5 2 7 2 3 2 11 
10000000000000000000000010000101 3 2 5 2 7 2 3 2 11 
10000000000000000000000010001111 359 2 3 2 13 2 61 2 3 
10000000000000000000000010010001 3 2 5 2 7 2 3 2 11 
10000000000000000000000010010011 5 7 887 53 5 5 239 71 7 
10000000000000000000000010010111 3 2 3 2 7 2 3 2 3 
10000000000000000000000010011001 31 11 7 11 5 37 31 11 41 
10000000000000000000000010011101 3 2 3 2 7 2 3 2 3 
10000000000000000000000010100111 5 2 3 2 37 2 5 2 3 
10000000000000000000000010101101 7 2 3 2 43 2 73 2 3 
10000000000000000000000010110001 5 23 607 269 5 5 41 43 19 
10000000000000000000000010110101 3 2 3 2 7 2 3 2 3 
10000000000000000000000011000001 3 2 5 2 7 2 3 2 11 
10000000000000000000000011000111 3 2 3 2 7 2 3 2 3 
10000000000000000000000011001101 3 2 3 2 7 2 3 2 3 
10000000000000000000000011010011 3 2 3 2 7 2 3 2 3 
10000000000000000000000011010101 191 2 3 2 173 2 37 2 3 
10000000000000000000000011011001 3 2 3 2 7 2 3 2 3 
10000000000000000000000011011111 3 2 5 2 7 2 3 2 11 
10000000000000000000000011100011 5 2 3 2 37 2 5 2 3 
10000000000000000000000011100101 3 2 3 2 7 2 3 2 3 
10000000000000000000000011110001 3 2 3 2 7 2 3 2 3 
10000000000000000000000011110111 3 2 5 2 7 2 3 2 11 
10000000000000000000000011111101 3 2 5 2 7 2 3 2 11 
10000000000000000000000100000001 5 13 3 31 11 3 17 7 3 
10000000000000000000000100000011 3 2 5 2 7 2 3 2 11 
10000000000000000000000100001001 3 2 5 2 7 2 3 2 11 
10000000000000000000000100001111 3 2 3 2 7 2 3 2 3 
10000000000000000000000100010001 11 2 191 2 89 2 5 2 113 
10000000000000000000000100010011 13 47 163 131 5 13 37 647 47 
10000000000000000000000100010101 3 11 11 3 5 5 3 11 41 
10000000000000000000000100011011 3 2 3 2 7 2 3 2 3 
10000000000000000000000100011101 7 2 3 2 43 2 11 2 3 
10000000000000000000000100100001 3 2 5 2 7 2 3 2 11 
10000000000000000000000100100111 3 2 3 2 7 2 3 2 3 
10000000000000000000000100101011 7 2 3 2 43 2 73 2 3 
10000000000000000000000100101101 3 2 3 2 7 2 3 2 3 
10000000000000000000000100110011 3 2 3 2 7 2 3 2 3 
10000000000000000000000100110101 439 2 3 2 11 2 491 2 3 
10000000000000000000000100111001 3 2 3 2 7 2 3 2 3 
10000000000000000000000100111111 3 2 5 2 7 2 3 2 11 
10000000000000000000000101000111 5 2 3 2 13 2 5 2 3 
10000000000000000000000101001011 3 2 3 2 7 2 3 2 3 
10000000000000000000000101010101 7 2 3 2 17 2 71 2 3 
10000000000000000000000101100011 3 2 3 2 7 2 3 2 3 
10000000000000000000000101100101 5 2 3 2 37 2 5 2 3 
10000000000000000000000101101001 3 2 3 2 7 2 3 2 3 
10000000000000000000000101101111 3 2 5 2 7 2 3 2 11 
10000000000000000000000101110001 7 2 3 2 43 2 29 2 3 
10000000000000000000000101110101 3 19 43 3 89 13 3 167 239 
10000000000000000000000101111011 3 2 5 2 7 2 3 2 11 
10000000000000000000000101111111 7 13 3 31 43 3 43 7 3 
10000000000000000000000110000001 3 2 5 2 7 2 3 2 11 
10000000000000000000000110000111 3 2 3 2 7 2 3 2 3 
10000000000000000000000110001101 3 2 3 2 7 2 3 2 3 
10000000000000000000000110010011 3 2 3 2 7 2 3 2 3 
10000000000000000000000110010101 11 2 3 2 79 2 23 2 3 
10000000000000000000000110011001 3 2 3 2 7 2 3 2 3 
10000000000000000000000110011111 3 2 5 2 7 2 3 2 11 
10000000000000000000000110100011 67 2 3 2 13 2 59 2 3 
10000000000000000000000110100101 3 2 3 2 7 2 3 2 3 
10000000000000000000000110101001 7 2 3 2 43 2 73 2 3 
10000000000000000000000110110001 3 2 3 2 7 2 3 2 3 
10000000000000000000000110110111 3 2 5 2 7 2 3 2 11 
10000000000000000000000110111101 3 2 5 2 7 2 3 2 11 
10000000000000000000000111000001 11 5 13 43 5 29 5 23 19 
10000000000000000000000111000011 3 2 3 2 7 2 3 2 3 
10000000000000000000000111000101 7 2 3 2 43 2 73 2 3 
10000000000000000000000111001001 3 2 3 2 7 2 3 2 3 
10000000000000000000000111001111 3 2 5 2 7 2 3 2 7 
10000000000000000000000111011011 3 2 5 2 7 2 3 2 11 
10000000000000000000000111100001 3 2 3 2 7 2 3 2 3 
10000000000000000000000111100111 3 2 5 2 7 2 3 2 11 
10000000000000000000000111101101 3 2 5 2 7 2 3 2 11 
10000000000000000000000111101111 7 13 3 19 19 3 17 7 3 
10000000000000000000000111110011 3 2 5 2 7 2 3 2 11 
10000000000000000000000111111001 3 2 5 2 7 2 3 2 11 
10000000000000000000000111111101 7 5 3 31 43 3 5 7 3 
10000000000000000000000111111111 3 2 5 2 5 2 3 2 11 
10000000000000000000001000000101 3 2 5 2 7 2 3 2 11 
10000000000000000000001000001101 31 11 11 11 5 17 31 11 41 
10000000000000000000001000001111 5 2 3 2 37 2 5 2 3 
10000000000000000000001000010001 3 2 5 2 7 2 3 2 7 
10000000000000000000001000010111 3 2 3 2 7 2 3 2 3 
10000000000000000000001000011101 3 2 3 2 7 2 3 2 3 
10000000000000000000001000100111 7 2 3 2 43 2 73 2 3 
10000000000000000000001000101001 3 7 13 3 5 23 3 37 7 
10000000000000000000001000101101 5 2 3 2 37 2 5 2 3 
10000000000000000000001000110101 3 2 3 2 7 2 3 2 3 
10000000000000000000001000111001 17 2 3 2 557 2 17 2 3 
10000000000000000000001000111011 3 5 13 3 31 43 3 11 7 
10000000000000000000001001000001 3 2 5 2 7 2 3 2 11 
10000000000000000000001001000011 7 7 227 809 5 89 43 7 7 
10000000000000000000001001000111 3 2 3 2 7 2 3 2 3 
10000000000000000000001001001011 5 2 3 2 13 2 5 2 3 
10000000000000000000001001001101 3 2 3 2 7 2 3 2 3 
10000000000000000000001001010011 3 2 3 2 7 2 3 2 3 
10000000000000000000001001010101 5 2 3 2 19 2 5 2 3 
10000000000000000000001001011001 3 2 3 2 7 2 3 2 3 
10000000000000000000001001011111 3 2 5 2 7 2 3 2 11 
10000000000000000000001001100101 3 2 3 2 7 2 3 2 3 
10000000000000000000001001101001 5 2 3 2 37 2 5 2 3 
10000000000000000000001001110001 3 2 3 2 7 2 3 2 3 
10000000000000000000001001110111 3 2 5 2 7 2 3 2 11 
10000000000000000000001001111101 3 2 5 2 7 2 3 2 7 
10000000000000000000001010000111 5 2 3 2 19 2 5 2 3 
10000000000000000000001010001001 3 5 11 3 5 13 3 7 41 
10000000000000000000001010001101 59 2 3 2 211 2 11 2 3 
10000000000000000000001010010101 3 2 3 2 7 2 3 2 3 
10000000000000000000001010100101 5 2 3 2 37 2 5 2 3 
10000000000000000000001010100111 3 41 149 3 59 11 3 11 23 
10000000000000000000001010101111 5 2 17 2 37 2 5 2 101 
10000000000000000000001010111001 3 7 13 3 13 5 3 73 7 
10000000000000000000001011000011 5 2 3 2 37 2 5 2 3 
10000000000000000000001011000101 3 2 3 2 7 2 3 2 3 
10000000000000000000001011001001 11 2 3 2 691 2 131 2 3 
10000000000000000000001011010001 3 2 3 2 7 2 3 2 3 
10000000000000000000001011010111 3 2 5 2 7 2 3 2 11 
10000000000000000000001011011101 3 2 5 2 7 2 3 2 11 
10000000000000000000001011100001 5 2 3 2 37 2 5 2 3 
10000000000000000000001011100111 13 2 13 2 23 2 97 2 19 
10000000000000000000001011101011 5 2 17 2 37 2 5 2 7 
10000000000000000000001011110101 3 2 5 2 7 2 3 2 11 
10000000000000000000001011111111 5 2 17 2 5 2 5 2 101 
10000000000000000000001100000001 3 2 5 2 7 2 3 2 11 
10000000000000000000001100000101 17 7 11 11 5 23 31 11 7 
10000000000000000000001100000111 3 2 3 2 7 2 3 2 3 
10000000000000000000001100001011 11 2 3 2 53 2 479 2 3 
10000000000000000000001100001101 3 2 3 2 7 2 3 2 3 
10000000000000000000001100010011 3 2 3 2 7 2 3 2 3 
10000000000000000000001100010101 7 2 3 2 43 2 43 2 3 
10000000000000000000001100011001 3 2 3 2 7 2 3 2 3 
10000000000000000000001100011111 3 2 5 2 7 2 3 2 11 
10000000000000000000001100100011 7 2 3 2 43 2 73 2 3 
10000000000000000000001100100101 3 2 3 2 7 2 3 2 3 
10000000000000000000001100110001 3 2 3 2 7 2 3 2 3 
10000000000000000000001100110111 3 2 5 2 7 2 3 2 11 
10000000000000000000001100111101 3 2 5 2 7 2 3 2 11 
10000000000000000000001100111111 7 5 3 31 43 3 5 7 3 
10000000000000000000001101000011 3 2 3 2 7 2 3 2 3 
10000000000000000000001101000101 5 2 3 2 37 2 5 2 3 
10000000000000000000001101001001 3 2 3 2 7 2 3 2 3 
10000000000000000000001101001111 3 2 5 2 7 2 3 2 11 
10000000000000000000001101011011 3 2 5 2 7 2 3 2 11 
10000000000000000000001101011111 41 7 3 29 59 3 17 37 3 
10000000000000000000001101100001 3 2 3 2 7 2 3 2 3 
10000000000000000000001101100011 5 7 103 151 503 5 7 17 7 
10000000000000000000001101100111 3 2 5 2 7 2 3 2 11 
10000000000000000000001101101101 3 2 5 2 7 2 3 2 11 
10000000000000000000001101110011 3 2 5 2 7 2 3 2 11 
10000000000000000000001101110111 5 11 3 31 23 3 11 7 3 
10000000000000000000001101111001 3 2 5 2 7 2 3 2 7 
10000000000000000000001101111111 3 2 5 2 5 2 3 2 11 
10000000000000000000001110000001 5 11 11 7 5 5 31 11 41 
10000000000000000000001110000011 13 2 3 2 17 2 97 2 3 
10000000000000000000001110000101 3 2 3 2 7 2 3 2 3 
10000000000000000000001110010001 3 2 3 2 7 2 3 2 3 
10000000000000000000001110010111 3 2 5 2 7 2 3 2 11 
10000000000000000000001110011011 79 2 7 2 397 2 5 2 7 
10000000000000000000001110011101 3 2 5 2 7 2 3 2 11 
10000000000000000000001110100001 7 2 3 2 43 2 11 2 3 
10000000000000000000001110101111 3 13 3 3 43 3 3 7 3 
10000000000000000000001110110101 3 2 5 2 7 2 3 2 11 
10000000000000000000001110111101 5 13 3 23 13 3 73 7 3 
10000000000000000000001110111111 31 2 11 2 5 2 31 2 7 
10000000000000000000001111000001 3 2 3 2 7 2 3 2 3 
10000000000000000000001111000111 3 2 5 2 7 2 3 2 7 
10000000000000000000001111001101 3 2 5 2 7 2 3 2 11 
10000000000000000000001111010011 3 2 5 2 7 2 3 2 11 
10000000000000000000001111011001 3 2 5 2 7 2 3 2 11 
10000000000000000000001111011111 3 2 5 2 5 2 3 2 11 
10000000000000000000001111100101 3 2 5 2 7 2 3 2 11 
10000000000000000000001111100111 7 13 3 31 17 3 73 7 3 
10000000000000000000001111101111 5 2 17 2 5 2 5 2 13 
10000000000000000000001111110001 3 2 5 2 7 2 3 2 11 
10000000000000000000001111110101 7 13 3 31 43 3 73 7 3 
10000000000000000000001111110111 3 2 5 2 5 2 3 2 11 
10000000000000000000001111111101 3 2 5 2 5 2 3 2 11 
10000000000000000000010000000011 3 2 5 2 7 2 3 2 11 
10000000000000000000010000001001 3 2 5 2 7 2 3 2 7 
10000000000000000000010000001111 3 2 3 2 7 2 3 2 3 
10000000000000000000010000010101 3 7 13 3 5 43 3 73 7 
10000000000000000000010000010111 5 2 3 2 19 2 5 2 3 
10000000000000000000010000011011 3 2 3 2 7 2 3 2 3 
10000000000000000000010000100001 3 2 5 2 7 2 3 2 11 
10000000000000000000010000100111 3 2 3 2 7 2 3 2 3 
10000000000000000000010000101011 5 2 3 2 37 2 5 2 3 
10000000000000000000010000101101 3 2 3 2 7 2 3 2 3 
10000000000000000000010000110011 3 2 3 2 7 2 3 2 3 
10000000000000000000010000110101 5 2 3 2 37 2 5 2 3 
10000000000000000000010000110111 17 11 7 79 13 79 7 317 23 
10000000000000000000010000111001 3 2 3 2 7 2 3 2 3 
10000000000000000000010000111111 3 2 5 2 7 2 3 2 7 
10000000000000000000010001001011 3 2 3 2 7 2 3 2 3 
10000000000000000000010001010011 5 2 3 2 13 2 5 2 3 
10000000000000000000010001011001 17 2 3 2 29 2 17 2 3 
10000000000000000000010001011101 3 7 13 3 31 5 3 73 7 
10000000000000000000010001100011 3 2 3 2 7 2 3 2 3 
10000000000000000000010001100101 7 2 3 2 43 2 73 2 3 
10000000000000000000010001101001 3 2 3 2 7 2 3 2 3 
10000000000000000000010001101111 3 2 5 2 7 2 3 2 11 
10000000000000000000010001110001 5 2 3 2 37 2 5 2 3 
10000000000000000000010001110011 7 7 47 17 139 11 7 7 7 
10000000000000000000010001111011 3 2 5 2 7 2 3 2 11 
10000000000000000000010010000001 3 2 5 2 7 2 3 2 11 
10000000000000000000010010000111 3 2 3 2 7 2 3 2 3 
10000000000000000000010010001101 3 2 3 2 7 2 3 2 3 
10000000000000000000010010010011 3 2 3 2 7 2 3 2 3 
10000000000000000000010010011001 3 2 3 2 7 2 3 2 3 
10000000000000000000010010011011 89 5 227 17 677 17 5 317 61 
10000000000000000000010010011111 3 2 5 2 7 2 3 2 11 
10000000000000000000010010100011 5 2 3 2 37 2 5 2 3 
10000000000000000000010010100101 3 2 3 2 7 2 3 2 3 
10000000000000000000010010110001 3 2 3 2 7 2 3 2 3 
10000000000000000000010010110111 3 2 5 2 7 2 3 2 11 
10000000000000000000010010111101 3 2 5 2 7 2 3 2 7 
10000000000000000000010011000011 3 2 3 2 7 2 3 2 3 
10000000000000000000010011001001 3 2 3 2 7 2 3 2 3 
10000000000000000000010011001111 3 2 5 2 7 2 3 2 11 
10000000000000000000010011010001 277 2 3 2 349 2 61 2 3 
10000000000000000000010011011011 3 2 5 2 7 2 3 2 11 
10000000000000000000010011100001 3 2 3 2 7 2 3 2 3 
10000000000000000000010011100111 3 2 5 2 7 2 3 2 11 
10000000000000000000010011101101 3 2 5 2 7 2 3 2 11 
10000000000000000000010011110011 3 2 5 2 7 2 3 2 11 
10000000000000000000010011111001 3 2 5 2 7 2 3 2 11 
10000000000000000000010011111111 3 2 5 2 5 2 3 2 11 
10000000000000000000010100000111 5 2 3 2 37 2 5 2 3 
10000000000000000000010100001011 3 2 3 2 7 2 3 2 3 
10000000000000000000010100001101 7 2 3 2 11 2 73 2 3 
10000000000000000000010100010001 3 7 13 3 5 5 3 73 7 
10000000000000000000010100011001 23 2 3 2 17 2 43 2 3 
10000000000000000000010100100011 3 2 3 2 7 2 3 2 3 
10000000000000000000010100100101 5 2 3 2 37 2 5 2 3 
10000000000000000000010100101001 3 2 3 2 7 2 3 2 3 
10000000000000000000010100101111 3 2 5 2 7 2 3 2 11 
10000000000000000000010100110001 11 2 3 2 13 2 31 2 3 
10000000000000000000010100110101 3 7 13 3 31 37 3 73 7 
10000000000000000000010100111011 3 2 5 2 7 2 3 2 7 
10000000000000000000010101000011 5 2 3 2 37 2 5 2 3 
10000000000000000000010101000101 7 2 3 2 43 2 73 2 3 
10000000000000000000010101010111 5 2 17 2 13 2 5 2 101 
10000000000000000000010101011001 3 5 13 3 11 43 3 19 7 
10000000000000000000010101011011 73 2 7 2 29 2 23 2 17 
10000000000000000000010101100001 5 2 3 2 37 2 5 2 3 
10000000000000000000010101100011 239 29 53 7 11 17 7 11 163 
10000000000000000000010101101011 3 2 5 2 7 2 3 2 11 
10000000000000000000010101101111 7 13 3 17 43 3 73 7 3 
10000000000000000000010101110101 5 2 17 2 37 2 5 2 79 
10000000000000000000010101111101 3 7 3 3 17 3 3 7 3 
10000000000000000000010101111111 5 2 17 2 5 2 5 2 101 
10000000000000000000010110000011 3 2 3 2 7 2 3 2 3 
10000000000000000000010110000101 29 2 3 2 17 2 67 2 3 
10000000000000000000010110001001 3 2 3 2 7 2 3 2 3 
10000000000000000000010110001011 7 5 11 7 11 11 5 7 29 
10000000000000000000010110001111 3 2 5 2 7 2 3 2 11 
10000000000000000000010110011011 3 2 5 2 7 2 3 2 11 
10000000000000000000010110100001 3 2 3 2 7 2 3 2 3 
10000000000000000000010110100111 3 2 5 2 7 2 3 2 11 
10000000000000000000010110101101 3 2 5 2 7 2 3 2 11 
10000000000000000000010110110011 3 2 5 2 7 2 3 2 11 
10000000000000000000010110111001 3 2 5 2 7 2 3 2 7 
10000000000000000000010110111101 317 5 3 73 71 3 5 223 3 
10000000000000000000010110111111 3 2 5 2 5 2 3 2 11 
10000000000000000000010111001011 3 2 5 2 7 2 3 2 11 
10000000000000000000010111010011 67 2 23 2 19 2 83 2 7 
10000000000000000000010111100011 3 2 5 2 7 2 3 2 11 
10000000000000000000010111101001 3 2 5 2 7 2 3 2 11 
10000000000000000000010111101101 5 13 3 19 19 3 73 7 3 
10000000000000000000010111101111 3 2 5 2 5 2 3 2 11 
10000000000000000000010111110111 5 2 7 2 5 2 5 2 7 
10000000000000000000010111111011 3 2 5 2 5 2 3 2 11 
10000000000000000000011000000001 3 2 5 2 7 2 3 2 7 
10000000000000000000011000000111 3 2 3 2 7 2 3 2 3 
10000000000000000000011000001001 7 19 229 251 5 409 29 7 83 
10000000000000000000011000001011 5 2 3 2 37 2 5 2 3 
10000000000000000000011000001101 3 2 3 2 7 2 3 2 3 
10000000000000000000011000010011 3 2 3 2 7 2 3 2 3 
10000000000000000000011000010101 5 2 3 2 11 2 5 2 3 
10000000000000000000011000011001 3 2 3 2 7 2 3 2 3 
10000000000000000000011000011111 3 2 5 2 7 2 3 2 11 
10000000000000000000011000100101 3 2 3 2 7 2 3 2 3 
10000000000000000000011000101001 5 2 3 2 37 2 5 2 3 
10000000000000000000011000101011 3 7 13 3 11 29 3 73 7 
10000000000000000000011000110001 3 2 3 2 7 2 3 2 3 
10000000000000000000011000110111 3 2 5 2 7 2 3 2 7 
10000000000000000000011000111011 563 2 7 2 197 2 293 2 23 
10000000000000000000011000111101 3 2 5 2 7 2 3 2 11 
10000000000000000000011001000011 3 2 3 2 7 2 3 2 3 
10000000000000000000011001001001 3 2 3 2 7 2 3 2 3 
10000000000000000000011001001111 3 2 5 2 7 2 3 2 11 
10000000000000000000011001010001 5 2 3 2 37 2 5 2 3 
10000000000000000000011001010101 3 7 13 3 31 43 3 73 7 
10000000000000000000011001011011 3 2 5 2 7 2 3 2 7 
10000000000000000000011001011111 19 11 3 47 19 3 23 23 3 
10000000000000000000011001100001 3 2 3 2 7 2 3 2 3 
10000000000000000000011001100101 5 11 853 41 29 5 7 23 359 
10000000000000000000011001100111 3 2 5 2 7 2 3 2 11 
10000000000000000000011001101101 3 2 5 2 7 2 3 2 7 
10000000000000000000011001110011 3 2 5 2 7 2 3 2 11 
10000000000000000000011001111001 3 2 5 2 7 2 3 2 11 
10000000000000000000011001111111 3 2 5 2 5 2 3 2 7 
10000000000000000000011010000011 5 2 3 2 23 2 5 2 3 
10000000000000000000011010000101 3 2 3 2 7 2 3 2 3 
10000000000000000000011010010001 3 2 3 2 7 2 3 2 3 
10000000000000000000011010010111 3 2 5 2 7 2 3 2 11 
10000000000000000000011010011101 3 2 5 2 7 2 3 2 11 
10000000000000000000011010100001 5 2 3 2 13 2 5 2 3 
10000000000000000000011010100111 11 2 37 2 401 2 211 2 29 
10000000000000000000011010101001 3 7 13 3 31 43 3 73 7 
10000000000000000000011010101011 5 2 7 2 37 2 5 2 101 
10000000000000000000011010101111 3 29 3 3 11 3 3 373 3 
10000000000000000000011010110101 3 2 5 2 7 2 3 2 7 
10000000000000000000011010111011 3 7 3 3 31 3 3 71 3 
10000000000000000000011010111111 5 2 17 2 5 2 5 2 101 
10000000000000000000011011000001 3 2 3 2 7 2 3 2 3 
10000000000000000000011011000111 3 2 5 2 7 2 3 2 11 
10000000000000000000011011001101 3 2 5 2 7 2 3 2 11 
10000000000000000000011011010011 3 2 5 2 7 2 3 2 11 
10000000000000000000011011011001 3 2 5 2 7 2 3 2 7 
10000000000000000000011011011111 3 2 5 2 5 2 3 2 11 
10000000000000000000011011100101 3 2 5 2 7 2 3 2 11 
10000000000000000000011011110001 3 2 5 2 7 2 3 2 11 
10000000000000000000011011110111 3 2 5 2 5 2 3 2 11 
10000000000000000000011011111011 5 2 17 2 5 2 5 2 101 
10000000000000000000011011111101 3 2 5 2 5 2 3 2 7 
10000000000000000000011100000011 3 2 3 2 7 2 3 2 3 
10000000000000000000011100000101 5 2 3 2 37 2 5 2 3 
10000000000000000000011100001001 3 2 3 2 7 2 3 2 3 
10000000000000000000011100001101 367 389 157 7 353 11 7 359 61 
10000000000000000000011100001111 3 2 5 2 7 2 3 2 11 
10000000000000000000011100011011 3 2 5 2 7 2 3 2 11 
10000000000000000000011100100001 3 2 3 2 7 2 3 2 3 
10000000000000000000011100100111 3 2 5 2 7 2 3 2 11 
10000000000000000000011100101101 3 2 5 2 7 2 3 2 11 
10000000000000000000011100101111 7 13 3 11 43 3 11 7 3 
10000000000000000000011100110011 3 2 5 2 7 2 3 2 7 
10000000000000000000011100111001 3 2 5 2 7 2 3 2 11 
10000000000000000000011100111101 7 11 3 31 43 3 73 7 3 
10000000000000000000011100111111 3 2 5 2 5 2 3 2 11 
10000000000000000000011101000001 5 2 3 2 37 2 5 2 3 
10000000000000000000011101001011 3 2 5 2 7 2 3 2 11 
10000000000000000000011101010001 3 7 13 3 31 11 3 11 7 
10000000000000000000011101010101 5 2 17 2 37 2 5 2 101 
10000000000000000000011101011111 5 2 17 2 5 2 5 2 59 
10000000000000000000011101100011 3 2 5 2 7 2 3 2 11 
10000000000000000000011101100111 7 5 3 31 29 3 5 7 3 
10000000000000000000011101101001 3 2 5 2 7 2 3 2 7 
10000000000000000000011101101111 3 2 5 2 5 2 3 2 11 
10000000000000000000011101110101 3 7 3 3 31 3 3 7 3 
10000000000000000000011101111011 3 2 5 2 5 2 3 2 7 
10000000000000000000011101111101 5 2 17 2 5 2 5 2 19 
10000000000000000000011110000001 3 2 3 2 7 2 3 2 3 
10000000000000000000011110000111 3 2 5 2 7 2 3 2 11 
10000000000000000000011110001101 3 2 5 2 7 2 3 2 11 
10000000000000000000011110010011 3 2 5 2 7 2 3 2 11 
10000000000000000000011110011001 3 2 5 2 7 2 3 2 11 
10000000000000000000011110011101 23 5 3 7 433 3 5 607 3 
10000000000000000000011110011111 3 2 5 2 5 2 3 2 11 
10000000000000000000011110100101 3 2 5 2 7 2 3 2 11 
10000000000000000000011110101101 7 13 3 31 43 3 73 7 3 
10000000000000000000011110101111 5 2 17 2 5 2 5 2 7 
10000000000000000000011110110001 3 2 5 2 7 2 3 2 7 
10000000000000000000011110110101 19 29 3 19 11 3 29 11 3 
10000000000000000000011110110111 3 2 5 2 5 2 3 2 11 
10000000000000000000011110111101 3 2 5 2 5 2 3 2 11 
10000000000000000000011111000011 3 2 5 2 7 2 3 2 11 
10000000000000000000011111001001 3 2 5 2 7 2 3 2 11 
10000000000000000000011111001111 3 2 5 2 5 2 3 2 11 
10000000000000000000011111010111 5 2 17 2 5 2 5 2 23 
10000000000000000000011111011011 3 2 5 2 5 2 3 2 11 
10000000000000000000011111011101 31 2 11 2 5 2 31 2 17 
10000000000000000000011111011111 61 7 7 137 83 31 83 17 7 
10000000000000000000011111100001 3 2 5 2 7 2 3 2 11 
10000000000000000000011111100101 7 13 3 31 43 3 71 7 3 
10000000000000000000011111100111 3 2 5 2 5 2 3 2 11 
10000000000000000000011111101011 5 2 17 2 5 2 5 2 101 
10000000000000000000011111101101 3 2 5 2 5 2 3 2 11 
10000000000000000000011111110011 3 2 5 2 5 2 3 2 11 
10000000000000000000011111110101 5 2 17 2 5 2 5 2 101 
10000000000000000000011111111001 3 2 5 2 5 2 3 2 7 
10000000000000000000011111111111 3 2 3 2 7 2 3 2 3 
10000000000000000000100000000001 7 5 3 11 43 3 5 7 3 
10000000000000000000100000000101 3 2 5 2 7 2 3 2 11 
10000000000000000000100000001111 7 2 3 2 23 2 73 2 3 
10000000000000000000100000010001 3 2 5 2 7 2 3 2 11 
10000000000000000000100000010111 3 2 3 2 7 2 3 2 3 
10000000000000000000100000011101 3 2 3 2 7 2 3 2 3 
10000000000000000000100000100111 5 2 3 2 37 2 5 2 3 
10000000000000000000100000101011 7 2 3 2 17 2 73 2 3 
10000000000000000000100000110101 3 2 3 2 7 2 3 2 3 
10000000000000000000100000111001 7 2 3 2 19 2 73 2 3 
10000000000000000000100001000001 3 2 5 2 7 2 3 2 11 
10000000000000000000100001000111 3 2 3 2 7 2 3 2 3 
10000000000000000000100001001011 191 2 3 2 211 2 191 2 3 
10000000000000000000100001001101 3 2 3 2 7 2 3 2 3 
10000000000000000000100001001111 5 7 73 127 47 5 7 11 7 
10000000000000000000100001010011 3 2 3 2 7 2 3 2 3 
10000000000000000000100001010101 7 2 3 2 43 2 11 2 3 
10000000000000000000100001011001 3 2 3 2 7 2 3 2 3 
10000000000000000000100001011111 3 2 5 2 7 2 3 2 11 
10000000000000000000100001100011 5 2 3 2 13 2 5 2 3 
10000000000000000000100001100101 3 2 3 2 7 2 3 2 3 
10000000000000000000100001110001 3 2 3 2 7 2 3 2 3 
10000000000000000000100001110111 3 2 5 2 7 2 3 2 11 
10000000000000000000100001111101 3 2 5 2 7 2 3 2 11 
10000000000000000000100001111111 7 13 3 31 43 3 73 7 3 
10000000000000000000100010000001 5 2 23 2 13 2 23 2 199 
10000000000000000000100010001101 7 2 3 2 43 2 73 2 3 
10000000000000000000100010010101 3 2 3 2 7 2 3 2 3 
10000000000000000000100010101001 5 2 3 2 43 2 73 2 3 
10000000000000000000100010110001 13 2 3 2 17 2 11 2 3 
10000000000000000000100010111011 17 2 71 2 23 2 17 2 23 
10000000000000000000100010111101 5 2 41 2 79 2 283 2 179 
10000000000000000000100011000011 571 2 3 2 113 2 19 2 3 
10000000000000000000100011000101 3 2 3 2 7 2 3 2 3 
10000000000000000000100011001011 3 43 97 3 13 13 3 11 19 
10000000000000000000100011001111 181 2 13 2 17 2 5 2 23 
10000000000000000000100011010001 3 2 3 2 7 2 3 2 3 
10000000000000000000100011010111 3 2 5 2 7 2 3 2 11 
10000000000000000000100011011101 3 2 5 2 7 2 3 2 11 
10000000000000000000100011100001 7 2 3 2 43 2 73 2 3 
10000000000000000000100011101111 3 13 3 3 43 3 3 7 3 
10000000000000000000100011110101 3 2 5 2 7 2 3 2 11 
10000000000000000000100011111101 7 13 3 31 11 3 73 7 3 
10000000000000000000100011111111 13 2 41 2 5 2 17 2 73 
10000000000000000000100100000001 3 2 5 2 7 2 3 2 11 
10000000000000000000100100000011 5 7 11 769 5 5 23 19 7 
10000000000000000000100100000111 3 2 3 2 7 2 3 2 3 
10000000000000000000100100001011 7 2 3 2 43 2 73 2 3 
10000000000000000000100100001101 3 2 3 2 7 2 3 2 3 
10000000000000000000100100010011 3 2 3 2 7 2 3 2 3 
10000000000000000000100100011001 3 2 3 2 7 2 3 2 3 
10000000000000000000100100011111 3 2 5 2 7 2 3 2 11 
10000000000000000000100100100011 41 2 3 2 11 2 53 2 3 
10000000000000000000100100100101 3 2 3 2 7 2 3 2 3 
10000000000000000000100100101011 3 19 379 3 211 5 3 17 97 
10000000000000000000100100110001 3 2 3 2 7 2 3 2 3 
10000000000000000000100100110111 3 2 5 2 7 2 3 2 11 
10000000000000000000100100111101 3 2 5 2 7 2 3 2 7 
10000000000000000000100101000011 3 2 3 2 7 2 3 2 3 
10000000000000000000100101001001 3 2 3 2 7 2 3 2 3 
10000000000000000000100101001111 3 2 5 2 7 2 3 2 11 
10000000000000000000100101010001 7 2 3 2 43 2 73 2 3 
10000000000000000000100101011011 3 2 5 2 7 2 3 2 11 
10000000000000000000100101011111 7 5 3 31 29 3 5 7 3 
10000000000000000000100101100001 3 2 3 2 7 2 3 2 3 
10000000000000000000100101100111 3 2 5 2 7 2 3 2 11 
10000000000000000000100101101101 3 2 5 2 7 2 3 2 11 
10000000000000000000100101110011 3 2 5 2 7 2 3 2 11 
10000000000000000000100101111001 3 2 5 2 7 2 3 2 11 
10000000000000000000100101111011 5 13 3 31 43 3 59 7 3 
10000000000000000000100101111111 3 2 5 2 5 2 3 2 11 
10000000000000000000100110000101 3 2 3 2 7 2 3 2 3 
10000000000000000000100110001001 7 2 3 2 17 2 5 2 3 
10000000000000000000100110010001 3 2 3 2 7 2 3 2 3 
10000000000000000000100110010111 3 2 5 2 7 2 3 2 11 
10000000000000000000100110011011 13 2 19 2 13 2 37 2 389 
10000000000000000000100110011101 3 2 5 2 7 2 3 2 11 
10000000000000000000100110100001 271 2 3 2 193 2 29 2 3 
10000000000000000000100110101111 3 5 3 3 23 3 3 29 3 
10000000000000000000100110110101 3 2 5 2 7 2 3 2 11 
10000000000000000000100110111011 3 577 3 3 17 3 3 11 3 
10000000000000000000100111000001 3 2 3 2 7 2 3 2 3 
10000000000000000000100111000101 23 11 13 19 11 881 7 47 19 
10000000000000000000100111000111 3 2 5 2 7 2 3 2 11 
10000000000000000000100111001101 3 2 5 2 7 2 3 2 11 
10000000000000000000100111001111 7 13 3 23 13 3 37 7 3 
10000000000000000000100111010011 3 2 5 2 7 2 3 2 11 
