Case #1: CAB
Case #2: MJA
Case #3: OCDE
Case #4: BBAAA
Case #5: CCCABBBAB
Case #6: CCCBAABAB
Case #7: ZXCASDQWE
Case #8: A
Case #9: ZADBC
Case #10: CCCCCCBABABBABA
Case #11: CBA
Case #12: ONCBAKJLGFMEDHI
Case #13: CBBBBBBBAAAAA
Case #14: CCCCCCBBBBAABBA
Case #15: BAA
Case #16: CBA
Case #17: ZZZWVNGMPLDSSGB
Case #18: CCCBABBBAAAAABA
Case #19: CCCCCBBBBBAAAAA
Case #20: ONBADCFHGIMJLKE
Case #21: BAA
Case #22: CBA
Case #23: ZZPDTHVVXKVLGJN
Case #24: CCBAAAAAAAAAB
Case #25: CCCCCBBBABBAAAA
Case #26: MMJAIGEDABCFHKL
Case #27: DCBBAAAAAAAAA
Case #28: ZDABC
Case #29: OBEDACNMIKGLHJF
Case #30: CCCCCCCABAABBAB
Case #31: BBA
Case #32: ZDCBA
Case #33: BAA
Case #34: CCCCCBAAABBBBAA
Case #35: CCCCCBBBBBAAAAA
Case #36: CCCCCABBBBABAAA
Case #37: CCCCCCCCCCBABBB
Case #38: ZEDCBAYXWU
Case #39: CCCBBBAAAABBA
Case #40: OMKDBAECGIHFNLJ
Case #41: Z
Case #42: BAAA
Case #43: OMNLBJIHGFEDAKC
Case #44: CCCCBAAAABBBAAA
Case #45: CCCCCCBABBBABAB
Case #46: DCCBBBBAAAAAC
Case #47: MMKJIGFDCABEHLA
Case #48: AA
Case #49: CCCCCCCCCBBAABB
Case #50: BBB
Case #51: CBBBAAAAAAAAA
Case #52: CCCBBBBBAAAAAAA
Case #53: MMEFHALKJIGDCBA
Case #54: CCCCCBABBAABBBB
Case #55: CBAAAAAAAAAAAA
Case #56: DCCCCBAAABCBC
Case #57: OMLCGIJBHEFDKNA
Case #58: CCCCCBBBBBAAAAA
Case #59: BA
Case #60: CCCBBBAAABBBBBA
Case #61: ONFCBAEDMIJKLGH
Case #62: ZABCD
Case #63: BBBBBAAAAAAAA
Case #64: ZACBA
Case #65: BAAA
Case #66: CCCCCBBBBBAAAAA
Case #67: BAAA
Case #68: ZABYCXDWEU
Case #69: WVBRDJNLSNTRTLB
Case #70: BB
Case #71: YYYYGVQVNBWGKVT
Case #72: DDCCCBAABBBBC
Case #73: CCCCCBBAAAAAABB
Case #74: ZAAAA
Case #75: BAAA
Case #76: ZAYBXCWDUE
Case #77: RRBAACADABA
Case #78: CCCCAAAABABBABA
Case #79: CCCCCBBBBBAAAAA
Case #80: ONLAMKJIHGFDEBC
Case #81: OENLIGHKJFMDCBA
Case #82: BBA
Case #83: CCCBBBBBBAAAABA
Case #84: BA
Case #85: CAB
Case #86: CBA
Case #87: CCCCCBBBBBAAAAA
Case #88: ZVMFYTXBHWPXMLP
Case #89: MMJHGFECBADIKLA
Case #90: BBA
Case #91: MMBFJKLAIHGEDCA
Case #92: CCCCBBBAAABABBB
Case #93: CCCCCBBBBBAAAAA
Case #94: CCCCBBBBAAABBAB
Case #95: ONMBADEFGJIHKLC
Case #96: MMDEGHIJALKFCBA
Case #97: CCCCCBBBBBAAAAA
Case #98: CCCCCCABBABBAAA
Case #99: AAA
Case #100: DCCBBBAAAAAAAA
